2018-10-09 14:43:54.823  INFO 15727 --- [restartedMain] com.stack.jspdemo.ProductAppApplication  : Starting ProductAppApplication on Joses-MacBook-Pro.local with PID 15727 (/Users/jarenas/Documents/task-skt/task-skt/MainManagementApp/ProductApp/target/classes started by jarenas in /Users/jarenas/Documents/task-skt/task-skt/MainManagementApp/ProductApp)
2018-10-09 14:43:54.823  INFO 15727 --- [restartedMain] com.stack.jspdemo.ProductAppApplication  : No active profile set, falling back to default profiles: default
2018-10-09 14:43:54.861  INFO 15727 --- [restartedMain] ationConfigEmbeddedWebApplicationContext : Refreshing org.springframework.boot.context.embedded.AnnotationConfigEmbeddedWebApplicationContext@7f97e27f: startup date [Tue Oct 09 14:43:54 MST 2018]; root of context hierarchy
2018-10-09 14:43:55.330  INFO 15727 --- [restartedMain] o.s.b.f.s.DefaultListableBeanFactory     : Overriding bean definition for bean 'jsonMessageConverter' with a different definition: replacing [Root bean: class [null]; scope=; abstract=false; lazyInit=false; autowireMode=3; dependencyCheck=0; autowireCandidate=true; primary=false; factoryBeanName=producerConfig; factoryMethodName=jsonMessageConverter; initMethodName=null; destroyMethodName=(inferred); defined in class path resource [com/stack/jspdemo/rabbit/config/ProducerConfig.class]] with [Root bean: class [null]; scope=; abstract=false; lazyInit=false; autowireMode=3; dependencyCheck=0; autowireCandidate=true; primary=false; factoryBeanName=rabbitMqConfig; factoryMethodName=jsonMessageConverter; initMethodName=null; destroyMethodName=(inferred); defined in class path resource [com/stack/jspdemo/rabbit/config/RabbitMqConfig.class]]
2018-10-09 14:43:55.742  INFO 15727 --- [restartedMain] trationDelegate$BeanPostProcessorChecker : Bean 'org.springframework.amqp.rabbit.annotation.RabbitBootstrapConfiguration' of type [org.springframework.amqp.rabbit.annotation.RabbitBootstrapConfiguration$$EnhancerBySpringCGLIB$$be599023] is not eligible for getting processed by all BeanPostProcessors (for example: not eligible for auto-proxying)
2018-10-09 14:43:56.102  INFO 15727 --- [restartedMain] s.b.c.e.t.TomcatEmbeddedServletContainer : Tomcat initialized with port(s): 8000 (http)
2018-10-09 14:43:56.111  INFO 15727 --- [restartedMain] o.apache.catalina.core.StandardService   : Starting service [Tomcat]
2018-10-09 14:43:56.112  INFO 15727 --- [restartedMain] org.apache.catalina.core.StandardEngine  : Starting Servlet Engine: Apache Tomcat/8.5.20
2018-10-09 14:43:56.183  INFO 15727 --- [localhost-startStop-1] o.a.c.c.C.[Tomcat].[localhost].[/]       : Initializing Spring embedded WebApplicationContext
2018-10-09 14:43:56.184  INFO 15727 --- [localhost-startStop-1] o.s.web.context.ContextLoader            : Root WebApplicationContext: initialization completed in 1326 ms
2018-10-09 14:43:56.285  INFO 15727 --- [localhost-startStop-1] o.s.b.w.servlet.ServletRegistrationBean  : Mapping servlet: 'dispatcherServlet' to [/]
2018-10-09 14:43:56.288  INFO 15727 --- [localhost-startStop-1] o.s.b.w.servlet.FilterRegistrationBean   : Mapping filter: 'characterEncodingFilter' to: [/*]
2018-10-09 14:43:56.289  INFO 15727 --- [localhost-startStop-1] o.s.b.w.servlet.FilterRegistrationBean   : Mapping filter: 'hiddenHttpMethodFilter' to: [/*]
2018-10-09 14:43:56.289  INFO 15727 --- [localhost-startStop-1] o.s.b.w.servlet.FilterRegistrationBean   : Mapping filter: 'httpPutFormContentFilter' to: [/*]
2018-10-09 14:43:56.289  INFO 15727 --- [localhost-startStop-1] o.s.b.w.servlet.FilterRegistrationBean   : Mapping filter: 'requestContextFilter' to: [/*]
2018-10-09 14:43:56.924  INFO 15727 --- [restartedMain] j.LocalContainerEntityManagerFactoryBean : Building JPA container EntityManagerFactory for persistence unit 'default'
2018-10-09 14:43:56.935  INFO 15727 --- [restartedMain] o.hibernate.jpa.internal.util.LogHelper  : HHH000204: Processing PersistenceUnitInfo [
	name: default
	...]
2018-10-09 14:43:56.978  INFO 15727 --- [restartedMain] org.hibernate.Version                    : HHH000412: Hibernate Core {5.0.12.Final}
2018-10-09 14:43:56.979  INFO 15727 --- [restartedMain] org.hibernate.cfg.Environment            : HHH000206: hibernate.properties not found
2018-10-09 14:43:56.980  INFO 15727 --- [restartedMain] org.hibernate.cfg.Environment            : HHH000021: Bytecode provider name : javassist
2018-10-09 14:43:57.011  INFO 15727 --- [restartedMain] o.hibernate.annotations.common.Version   : HCANN000001: Hibernate Commons Annotations {5.0.1.Final}
2018-10-09 14:43:57.082  INFO 15727 --- [restartedMain] org.hibernate.dialect.Dialect            : HHH000400: Using dialect: org.hibernate.dialect.MySQL5InnoDBDialect
2018-10-09 14:43:57.443  INFO 15727 --- [restartedMain] j.LocalContainerEntityManagerFactoryBean : Initialized JPA EntityManagerFactory for persistence unit 'default'
2018-10-09 14:43:57.891  INFO 15727 --- [restartedMain] s.w.s.m.m.a.RequestMappingHandlerAdapter : Looking for @ControllerAdvice: org.springframework.boot.context.embedded.AnnotationConfigEmbeddedWebApplicationContext@7f97e27f: startup date [Tue Oct 09 14:43:54 MST 2018]; root of context hierarchy
2018-10-09 14:43:57.939  INFO 15727 --- [restartedMain] s.w.s.m.m.a.RequestMappingHandlerMapping : Mapped "{[/error]}" onto public org.springframework.http.ResponseEntity<java.util.Map<java.lang.String, java.lang.Object>> org.springframework.boot.autoconfigure.web.BasicErrorController.error(javax.servlet.http.HttpServletRequest)
2018-10-09 14:43:57.940  INFO 15727 --- [restartedMain] s.w.s.m.m.a.RequestMappingHandlerMapping : Mapped "{[/error],produces=[text/html]}" onto public org.springframework.web.servlet.ModelAndView org.springframework.boot.autoconfigure.web.BasicErrorController.errorHtml(javax.servlet.http.HttpServletRequest,javax.servlet.http.HttpServletResponse)
2018-10-09 14:43:57.971  INFO 15727 --- [restartedMain] o.s.w.s.handler.SimpleUrlHandlerMapping  : Mapped URL path [/webjars/**] onto handler of type [class org.springframework.web.servlet.resource.ResourceHttpRequestHandler]
2018-10-09 14:43:57.972  INFO 15727 --- [restartedMain] o.s.w.s.handler.SimpleUrlHandlerMapping  : Mapped URL path [/**] onto handler of type [class org.springframework.web.servlet.resource.ResourceHttpRequestHandler]
2018-10-09 14:43:58.002  INFO 15727 --- [restartedMain] o.s.w.s.handler.SimpleUrlHandlerMapping  : Mapped URL path [/**/favicon.ico] onto handler of type [class org.springframework.web.servlet.resource.ResourceHttpRequestHandler]
2018-10-09 14:43:58.232  WARN 15727 --- [restartedMain] o.s.b.d.a.OptionalLiveReloadServer       : Unable to start LiveReload server
2018-10-09 14:43:58.292  INFO 15727 --- [restartedMain] o.s.j.e.a.AnnotationMBeanExporter        : Registering beans for JMX exposure on startup
2018-10-09 14:43:58.300  INFO 15727 --- [restartedMain] o.s.j.e.a.AnnotationMBeanExporter        : Bean with name 'rabbitConnectionFactory' has been autodetected for JMX exposure
2018-10-09 14:43:58.304  INFO 15727 --- [restartedMain] o.s.j.e.a.AnnotationMBeanExporter        : Located managed bean 'rabbitConnectionFactory': registering with JMX server as MBean [org.springframework.amqp.rabbit.connection:name=rabbitConnectionFactory,type=CachingConnectionFactory]
2018-10-09 14:43:58.331  INFO 15727 --- [restartedMain] o.s.c.support.DefaultLifecycleProcessor  : Starting beans in phase 2147483647
2018-10-09 14:43:58.371  INFO 15727 --- [SimpleAsyncTaskExecutor-1] o.s.a.r.c.CachingConnectionFactory       : Created new connection: rabbitConnectionFactory#427fb70a:0/SimpleConnection@4b1fa5a7 [delegate=amqp://guest@127.0.0.1:5672/, localPort= 65374]
2018-10-09 14:43:58.374  INFO 15727 --- [SimpleAsyncTaskExecutor-1] o.s.amqp.rabbit.core.RabbitAdmin         : Auto-declaring a non-durable, auto-delete, or exclusive Queue (MyQueue) durable:false, auto-delete:false, exclusive:false. It will be redeclared if the broker stops and is restarted while the connection factory is alive, but all messages will be lost.
2018-10-09 14:43:58.400 ERROR 15727 --- [AMQP Connection 127.0.0.1:5672] o.s.a.r.c.CachingConnectionFactory       : Channel shutdown: channel error; protocol method: #method<channel.close>(reply-code=406, reply-text=PRECONDITION_FAILED - inequivalent arg 'durable' for queue 'MyQueue' in vhost '/': received 'false' but current is 'true', class-id=50, method-id=10)
2018-10-09 14:43:58.451  INFO 15727 --- [restartedMain] s.b.c.e.t.TomcatEmbeddedServletContainer : Tomcat started on port(s): 8000 (http)
2018-10-09 14:43:58.457  INFO 15727 --- [restartedMain] com.stack.jspdemo.ProductAppApplication  : Started ProductAppApplication in 3.828 seconds (JVM running for 4.375)
2018-10-09 14:44:03.475  INFO 15727 --- [SimpleAsyncTaskExecutor-1] o.s.a.r.l.SimpleMessageListenerContainer : Restarting Consumer@43db085f: tags=[{}], channel=null, acknowledgeMode=AUTO local queue size=0
2018-10-09 14:50:55.237  INFO 15727 --- [RMI TCP Connection(2)-127.0.0.1] inMXBeanRegistrar$SpringApplicationAdmin : Application shutdown requested.
2018-10-09 14:50:55.238  INFO 15727 --- [RMI TCP Connection(2)-127.0.0.1] ationConfigEmbeddedWebApplicationContext : Closing org.springframework.boot.context.embedded.AnnotationConfigEmbeddedWebApplicationContext@7f97e27f: startup date [Tue Oct 09 14:43:54 MST 2018]; root of context hierarchy
2018-10-09 14:50:55.240  INFO 15727 --- [RMI TCP Connection(2)-127.0.0.1] o.s.c.support.DefaultLifecycleProcessor  : Stopping beans in phase 2147483647
2018-10-09 14:50:55.245  INFO 15727 --- [RMI TCP Connection(2)-127.0.0.1] o.s.a.r.l.SimpleMessageListenerContainer : Waiting for workers to finish.
2018-10-09 14:50:55.540  INFO 15727 --- [RMI TCP Connection(2)-127.0.0.1] o.s.a.r.l.SimpleMessageListenerContainer : Successfully waited for workers to finish.
2018-10-09 14:50:55.541  INFO 15727 --- [RMI TCP Connection(2)-127.0.0.1] o.s.j.e.a.AnnotationMBeanExporter        : Unregistering JMX-exposed beans on shutdown
2018-10-09 14:50:55.541  INFO 15727 --- [RMI TCP Connection(2)-127.0.0.1] o.s.j.e.a.AnnotationMBeanExporter        : Unregistering JMX-exposed beans
2018-10-09 14:50:55.550  INFO 15727 --- [RMI TCP Connection(2)-127.0.0.1] j.LocalContainerEntityManagerFactoryBean : Closing JPA EntityManagerFactory for persistence unit 'default'
2018-10-09 14:51:06.339  INFO 17259 --- [restartedMain] com.stack.jspdemo.ProductAppApplication  : Starting ProductAppApplication on Joses-MacBook-Pro.local with PID 17259 (/Users/jarenas/Documents/task-skt/task-skt/MainManagementApp/ProductApp/target/classes started by jarenas in /Users/jarenas/Documents/task-skt/task-skt/MainManagementApp/ProductApp)
2018-10-09 14:51:06.339  INFO 17259 --- [restartedMain] com.stack.jspdemo.ProductAppApplication  : No active profile set, falling back to default profiles: default
2018-10-09 14:51:06.375  INFO 17259 --- [restartedMain] ationConfigEmbeddedWebApplicationContext : Refreshing org.springframework.boot.context.embedded.AnnotationConfigEmbeddedWebApplicationContext@3ebff2c5: startup date [Tue Oct 09 14:51:06 MST 2018]; root of context hierarchy
2018-10-09 14:51:06.825  INFO 17259 --- [restartedMain] o.s.b.f.s.DefaultListableBeanFactory     : Overriding bean definition for bean 'jsonMessageConverter' with a different definition: replacing [Root bean: class [null]; scope=; abstract=false; lazyInit=false; autowireMode=3; dependencyCheck=0; autowireCandidate=true; primary=false; factoryBeanName=producerConfig; factoryMethodName=jsonMessageConverter; initMethodName=null; destroyMethodName=(inferred); defined in class path resource [com/stack/jspdemo/rabbit/config/ProducerConfig.class]] with [Root bean: class [null]; scope=; abstract=false; lazyInit=false; autowireMode=3; dependencyCheck=0; autowireCandidate=true; primary=false; factoryBeanName=rabbitMqConfig; factoryMethodName=jsonMessageConverter; initMethodName=null; destroyMethodName=(inferred); defined in class path resource [com/stack/jspdemo/rabbit/config/RabbitMqConfig.class]]
2018-10-09 14:51:07.250  INFO 17259 --- [restartedMain] trationDelegate$BeanPostProcessorChecker : Bean 'org.springframework.amqp.rabbit.annotation.RabbitBootstrapConfiguration' of type [org.springframework.amqp.rabbit.annotation.RabbitBootstrapConfiguration$$EnhancerBySpringCGLIB$$8a92a693] is not eligible for getting processed by all BeanPostProcessors (for example: not eligible for auto-proxying)
2018-10-09 14:51:07.623  INFO 17259 --- [restartedMain] s.b.c.e.t.TomcatEmbeddedServletContainer : Tomcat initialized with port(s): 8000 (http)
2018-10-09 14:51:07.633  INFO 17259 --- [restartedMain] o.apache.catalina.core.StandardService   : Starting service [Tomcat]
2018-10-09 14:51:07.634  INFO 17259 --- [restartedMain] org.apache.catalina.core.StandardEngine  : Starting Servlet Engine: Apache Tomcat/8.5.20
2018-10-09 14:51:07.709  INFO 17259 --- [localhost-startStop-1] o.a.c.c.C.[Tomcat].[localhost].[/]       : Initializing Spring embedded WebApplicationContext
2018-10-09 14:51:07.709  INFO 17259 --- [localhost-startStop-1] o.s.web.context.ContextLoader            : Root WebApplicationContext: initialization completed in 1337 ms
2018-10-09 14:51:07.820  INFO 17259 --- [localhost-startStop-1] o.s.b.w.servlet.ServletRegistrationBean  : Mapping servlet: 'dispatcherServlet' to [/]
2018-10-09 14:51:07.823  INFO 17259 --- [localhost-startStop-1] o.s.b.w.servlet.FilterRegistrationBean   : Mapping filter: 'characterEncodingFilter' to: [/*]
2018-10-09 14:51:07.823  INFO 17259 --- [localhost-startStop-1] o.s.b.w.servlet.FilterRegistrationBean   : Mapping filter: 'hiddenHttpMethodFilter' to: [/*]
2018-10-09 14:51:07.823  INFO 17259 --- [localhost-startStop-1] o.s.b.w.servlet.FilterRegistrationBean   : Mapping filter: 'httpPutFormContentFilter' to: [/*]
2018-10-09 14:51:07.823  INFO 17259 --- [localhost-startStop-1] o.s.b.w.servlet.FilterRegistrationBean   : Mapping filter: 'requestContextFilter' to: [/*]
2018-10-09 14:51:08.506  INFO 17259 --- [restartedMain] j.LocalContainerEntityManagerFactoryBean : Building JPA container EntityManagerFactory for persistence unit 'default'
2018-10-09 14:51:08.518  INFO 17259 --- [restartedMain] o.hibernate.jpa.internal.util.LogHelper  : HHH000204: Processing PersistenceUnitInfo [
	name: default
	...]
2018-10-09 14:51:08.572  INFO 17259 --- [restartedMain] org.hibernate.Version                    : HHH000412: Hibernate Core {5.0.12.Final}
2018-10-09 14:51:08.574  INFO 17259 --- [restartedMain] org.hibernate.cfg.Environment            : HHH000206: hibernate.properties not found
2018-10-09 14:51:08.575  INFO 17259 --- [restartedMain] org.hibernate.cfg.Environment            : HHH000021: Bytecode provider name : javassist
2018-10-09 14:51:08.608  INFO 17259 --- [restartedMain] o.hibernate.annotations.common.Version   : HCANN000001: Hibernate Commons Annotations {5.0.1.Final}
2018-10-09 14:51:08.695  INFO 17259 --- [restartedMain] org.hibernate.dialect.Dialect            : HHH000400: Using dialect: org.hibernate.dialect.MySQL5InnoDBDialect
2018-10-09 14:51:09.151  INFO 17259 --- [restartedMain] j.LocalContainerEntityManagerFactoryBean : Initialized JPA EntityManagerFactory for persistence unit 'default'
2018-10-09 14:51:09.652  INFO 17259 --- [restartedMain] s.w.s.m.m.a.RequestMappingHandlerAdapter : Looking for @ControllerAdvice: org.springframework.boot.context.embedded.AnnotationConfigEmbeddedWebApplicationContext@3ebff2c5: startup date [Tue Oct 09 14:51:06 MST 2018]; root of context hierarchy
2018-10-09 14:51:09.707  INFO 17259 --- [restartedMain] s.w.s.m.m.a.RequestMappingHandlerMapping : Mapped "{[/error]}" onto public org.springframework.http.ResponseEntity<java.util.Map<java.lang.String, java.lang.Object>> org.springframework.boot.autoconfigure.web.BasicErrorController.error(javax.servlet.http.HttpServletRequest)
2018-10-09 14:51:09.708  INFO 17259 --- [restartedMain] s.w.s.m.m.a.RequestMappingHandlerMapping : Mapped "{[/error],produces=[text/html]}" onto public org.springframework.web.servlet.ModelAndView org.springframework.boot.autoconfigure.web.BasicErrorController.errorHtml(javax.servlet.http.HttpServletRequest,javax.servlet.http.HttpServletResponse)
2018-10-09 14:51:09.740  INFO 17259 --- [restartedMain] o.s.w.s.handler.SimpleUrlHandlerMapping  : Mapped URL path [/webjars/**] onto handler of type [class org.springframework.web.servlet.resource.ResourceHttpRequestHandler]
2018-10-09 14:51:09.740  INFO 17259 --- [restartedMain] o.s.w.s.handler.SimpleUrlHandlerMapping  : Mapped URL path [/**] onto handler of type [class org.springframework.web.servlet.resource.ResourceHttpRequestHandler]
2018-10-09 14:51:09.774  INFO 17259 --- [restartedMain] o.s.w.s.handler.SimpleUrlHandlerMapping  : Mapped URL path [/**/favicon.ico] onto handler of type [class org.springframework.web.servlet.resource.ResourceHttpRequestHandler]
2018-10-09 14:51:10.030  WARN 17259 --- [restartedMain] o.s.b.d.a.OptionalLiveReloadServer       : Unable to start LiveReload server
2018-10-09 14:51:10.094  INFO 17259 --- [restartedMain] o.s.j.e.a.AnnotationMBeanExporter        : Registering beans for JMX exposure on startup
2018-10-09 14:51:10.102  INFO 17259 --- [restartedMain] o.s.j.e.a.AnnotationMBeanExporter        : Bean with name 'rabbitConnectionFactory' has been autodetected for JMX exposure
2018-10-09 14:51:10.105  INFO 17259 --- [restartedMain] o.s.j.e.a.AnnotationMBeanExporter        : Located managed bean 'rabbitConnectionFactory': registering with JMX server as MBean [org.springframework.amqp.rabbit.connection:name=rabbitConnectionFactory,type=CachingConnectionFactory]
2018-10-09 14:51:10.133  INFO 17259 --- [restartedMain] o.s.c.support.DefaultLifecycleProcessor  : Starting beans in phase 2147483647
2018-10-09 14:51:10.166  INFO 17259 --- [SimpleAsyncTaskExecutor-1] o.s.a.r.c.CachingConnectionFactory       : Created new connection: rabbitConnectionFactory#7e32bbd9:0/SimpleConnection@293bbe2e [delegate=amqp://guest@127.0.0.1:5672/, localPort= 65502]
2018-10-09 14:51:10.169  INFO 17259 --- [SimpleAsyncTaskExecutor-1] o.s.amqp.rabbit.core.RabbitAdmin         : Auto-declaring a non-durable, auto-delete, or exclusive Queue (MyQueue) durable:false, auto-delete:false, exclusive:false. It will be redeclared if the broker stops and is restarted while the connection factory is alive, but all messages will be lost.
2018-10-09 14:51:10.195 ERROR 17259 --- [AMQP Connection 127.0.0.1:5672] o.s.a.r.c.CachingConnectionFactory       : Channel shutdown: channel error; protocol method: #method<channel.close>(reply-code=406, reply-text=PRECONDITION_FAILED - inequivalent arg 'durable' for queue 'MyQueue' in vhost '/': received 'false' but current is 'true', class-id=50, method-id=10)
2018-10-09 14:51:10.246  INFO 17259 --- [restartedMain] s.b.c.e.t.TomcatEmbeddedServletContainer : Tomcat started on port(s): 8000 (http)
2018-10-09 14:51:10.252  INFO 17259 --- [restartedMain] com.stack.jspdemo.ProductAppApplication  : Started ProductAppApplication in 4.097 seconds (JVM running for 4.636)
2018-10-09 14:51:15.276  INFO 17259 --- [SimpleAsyncTaskExecutor-1] o.s.a.r.l.SimpleMessageListenerContainer : Restarting Consumer@74f9077d: tags=[{}], channel=null, acknowledgeMode=AUTO local queue size=0
2018-10-09 14:53:42.324  INFO 17259 --- [RMI TCP Connection(2)-127.0.0.1] inMXBeanRegistrar$SpringApplicationAdmin : Application shutdown requested.
2018-10-09 14:53:42.324  INFO 17259 --- [RMI TCP Connection(2)-127.0.0.1] ationConfigEmbeddedWebApplicationContext : Closing org.springframework.boot.context.embedded.AnnotationConfigEmbeddedWebApplicationContext@3ebff2c5: startup date [Tue Oct 09 14:51:06 MST 2018]; root of context hierarchy
2018-10-09 14:53:42.326  INFO 17259 --- [RMI TCP Connection(2)-127.0.0.1] o.s.c.support.DefaultLifecycleProcessor  : Stopping beans in phase 2147483647
2018-10-09 14:53:42.330  INFO 17259 --- [RMI TCP Connection(2)-127.0.0.1] o.s.a.r.l.SimpleMessageListenerContainer : Waiting for workers to finish.
2018-10-09 14:53:42.476  INFO 17259 --- [RMI TCP Connection(3)-127.0.0.1] inMXBeanRegistrar$SpringApplicationAdmin : Application shutdown requested.
2018-10-09 14:53:42.607  INFO 17259 --- [RMI TCP Connection(4)-127.0.0.1] inMXBeanRegistrar$SpringApplicationAdmin : Application shutdown requested.
2018-10-09 14:53:42.749  INFO 17259 --- [RMI TCP Connection(5)-127.0.0.1] inMXBeanRegistrar$SpringApplicationAdmin : Application shutdown requested.
2018-10-09 14:53:42.907  INFO 17259 --- [RMI TCP Connection(6)-127.0.0.1] inMXBeanRegistrar$SpringApplicationAdmin : Application shutdown requested.
2018-10-09 14:53:43.054  INFO 17259 --- [RMI TCP Connection(7)-127.0.0.1] inMXBeanRegistrar$SpringApplicationAdmin : Application shutdown requested.
2018-10-09 14:53:43.060  INFO 17259 --- [RMI TCP Connection(2)-127.0.0.1] o.s.a.r.l.SimpleMessageListenerContainer : Successfully waited for workers to finish.
2018-10-09 14:53:43.062  INFO 17259 --- [RMI TCP Connection(2)-127.0.0.1] o.s.j.e.a.AnnotationMBeanExporter        : Unregistering JMX-exposed beans on shutdown
2018-10-09 14:53:43.062  INFO 17259 --- [RMI TCP Connection(2)-127.0.0.1] o.s.j.e.a.AnnotationMBeanExporter        : Unregistering JMX-exposed beans
2018-10-09 14:53:43.069  INFO 17259 --- [RMI TCP Connection(2)-127.0.0.1] j.LocalContainerEntityManagerFactoryBean : Closing JPA EntityManagerFactory for persistence unit 'default'
2018-10-09 14:53:58.071  INFO 17684 --- [restartedMain] com.stack.jspdemo.ProductAppApplication  : Starting ProductAppApplication on Joses-MacBook-Pro.local with PID 17684 (/Users/jarenas/Documents/task-skt/task-skt/MainManagementApp/ProductApp/target/classes started by jarenas in /Users/jarenas/Documents/task-skt/task-skt/MainManagementApp/ProductApp)
2018-10-09 14:53:58.072  INFO 17684 --- [restartedMain] com.stack.jspdemo.ProductAppApplication  : No active profile set, falling back to default profiles: default
2018-10-09 14:53:58.107  INFO 17684 --- [restartedMain] ationConfigEmbeddedWebApplicationContext : Refreshing org.springframework.boot.context.embedded.AnnotationConfigEmbeddedWebApplicationContext@3ebff2c5: startup date [Tue Oct 09 14:53:58 MST 2018]; root of context hierarchy
2018-10-09 14:53:58.567  INFO 17684 --- [restartedMain] o.s.b.f.s.DefaultListableBeanFactory     : Overriding bean definition for bean 'jsonMessageConverter' with a different definition: replacing [Root bean: class [null]; scope=; abstract=false; lazyInit=false; autowireMode=3; dependencyCheck=0; autowireCandidate=true; primary=false; factoryBeanName=producerConfig; factoryMethodName=jsonMessageConverter; initMethodName=null; destroyMethodName=(inferred); defined in class path resource [com/stack/jspdemo/rabbit/config/ProducerConfig.class]] with [Root bean: class [null]; scope=; abstract=false; lazyInit=false; autowireMode=3; dependencyCheck=0; autowireCandidate=true; primary=false; factoryBeanName=rabbitMqConfig; factoryMethodName=jsonMessageConverter; initMethodName=null; destroyMethodName=(inferred); defined in class path resource [com/stack/jspdemo/rabbit/config/RabbitMqConfig.class]]
2018-10-09 14:53:58.991  INFO 17684 --- [restartedMain] trationDelegate$BeanPostProcessorChecker : Bean 'org.springframework.amqp.rabbit.annotation.RabbitBootstrapConfiguration' of type [org.springframework.amqp.rabbit.annotation.RabbitBootstrapConfiguration$$EnhancerBySpringCGLIB$$881134c3] is not eligible for getting processed by all BeanPostProcessors (for example: not eligible for auto-proxying)
2018-10-09 14:53:59.361  INFO 17684 --- [restartedMain] s.b.c.e.t.TomcatEmbeddedServletContainer : Tomcat initialized with port(s): 8000 (http)
2018-10-09 14:53:59.370  INFO 17684 --- [restartedMain] o.apache.catalina.core.StandardService   : Starting service [Tomcat]
2018-10-09 14:53:59.371  INFO 17684 --- [restartedMain] org.apache.catalina.core.StandardEngine  : Starting Servlet Engine: Apache Tomcat/8.5.20
2018-10-09 14:53:59.443  INFO 17684 --- [localhost-startStop-1] o.a.c.c.C.[Tomcat].[localhost].[/]       : Initializing Spring embedded WebApplicationContext
2018-10-09 14:53:59.443  INFO 17684 --- [localhost-startStop-1] o.s.web.context.ContextLoader            : Root WebApplicationContext: initialization completed in 1338 ms
2018-10-09 14:53:59.553  INFO 17684 --- [localhost-startStop-1] o.s.b.w.servlet.ServletRegistrationBean  : Mapping servlet: 'dispatcherServlet' to [/]
2018-10-09 14:53:59.557  INFO 17684 --- [localhost-startStop-1] o.s.b.w.servlet.FilterRegistrationBean   : Mapping filter: 'characterEncodingFilter' to: [/*]
2018-10-09 14:53:59.558  INFO 17684 --- [localhost-startStop-1] o.s.b.w.servlet.FilterRegistrationBean   : Mapping filter: 'hiddenHttpMethodFilter' to: [/*]
2018-10-09 14:53:59.558  INFO 17684 --- [localhost-startStop-1] o.s.b.w.servlet.FilterRegistrationBean   : Mapping filter: 'httpPutFormContentFilter' to: [/*]
2018-10-09 14:53:59.558  INFO 17684 --- [localhost-startStop-1] o.s.b.w.servlet.FilterRegistrationBean   : Mapping filter: 'requestContextFilter' to: [/*]
2018-10-09 14:54:00.189  INFO 17684 --- [restartedMain] j.LocalContainerEntityManagerFactoryBean : Building JPA container EntityManagerFactory for persistence unit 'default'
2018-10-09 14:54:00.199  INFO 17684 --- [restartedMain] o.hibernate.jpa.internal.util.LogHelper  : HHH000204: Processing PersistenceUnitInfo [
	name: default
	...]
2018-10-09 14:54:00.243  INFO 17684 --- [restartedMain] org.hibernate.Version                    : HHH000412: Hibernate Core {5.0.12.Final}
2018-10-09 14:54:00.245  INFO 17684 --- [restartedMain] org.hibernate.cfg.Environment            : HHH000206: hibernate.properties not found
2018-10-09 14:54:00.246  INFO 17684 --- [restartedMain] org.hibernate.cfg.Environment            : HHH000021: Bytecode provider name : javassist
2018-10-09 14:54:00.275  INFO 17684 --- [restartedMain] o.hibernate.annotations.common.Version   : HCANN000001: Hibernate Commons Annotations {5.0.1.Final}
2018-10-09 14:54:00.348  INFO 17684 --- [restartedMain] org.hibernate.dialect.Dialect            : HHH000400: Using dialect: org.hibernate.dialect.MySQL5InnoDBDialect
2018-10-09 14:54:00.724  INFO 17684 --- [restartedMain] j.LocalContainerEntityManagerFactoryBean : Initialized JPA EntityManagerFactory for persistence unit 'default'
2018-10-09 14:54:01.164  INFO 17684 --- [restartedMain] s.w.s.m.m.a.RequestMappingHandlerAdapter : Looking for @ControllerAdvice: org.springframework.boot.context.embedded.AnnotationConfigEmbeddedWebApplicationContext@3ebff2c5: startup date [Tue Oct 09 14:53:58 MST 2018]; root of context hierarchy
2018-10-09 14:54:01.215  INFO 17684 --- [restartedMain] s.w.s.m.m.a.RequestMappingHandlerMapping : Mapped "{[/error]}" onto public org.springframework.http.ResponseEntity<java.util.Map<java.lang.String, java.lang.Object>> org.springframework.boot.autoconfigure.web.BasicErrorController.error(javax.servlet.http.HttpServletRequest)
2018-10-09 14:54:01.216  INFO 17684 --- [restartedMain] s.w.s.m.m.a.RequestMappingHandlerMapping : Mapped "{[/error],produces=[text/html]}" onto public org.springframework.web.servlet.ModelAndView org.springframework.boot.autoconfigure.web.BasicErrorController.errorHtml(javax.servlet.http.HttpServletRequest,javax.servlet.http.HttpServletResponse)
2018-10-09 14:54:01.246  INFO 17684 --- [restartedMain] o.s.w.s.handler.SimpleUrlHandlerMapping  : Mapped URL path [/webjars/**] onto handler of type [class org.springframework.web.servlet.resource.ResourceHttpRequestHandler]
2018-10-09 14:54:01.246  INFO 17684 --- [restartedMain] o.s.w.s.handler.SimpleUrlHandlerMapping  : Mapped URL path [/**] onto handler of type [class org.springframework.web.servlet.resource.ResourceHttpRequestHandler]
2018-10-09 14:54:01.278  INFO 17684 --- [restartedMain] o.s.w.s.handler.SimpleUrlHandlerMapping  : Mapped URL path [/**/favicon.ico] onto handler of type [class org.springframework.web.servlet.resource.ResourceHttpRequestHandler]
2018-10-09 14:54:01.512  WARN 17684 --- [restartedMain] o.s.b.d.a.OptionalLiveReloadServer       : Unable to start LiveReload server
2018-10-09 14:54:01.578  INFO 17684 --- [restartedMain] o.s.j.e.a.AnnotationMBeanExporter        : Registering beans for JMX exposure on startup
2018-10-09 14:54:01.587  INFO 17684 --- [restartedMain] o.s.j.e.a.AnnotationMBeanExporter        : Bean with name 'rabbitConnectionFactory' has been autodetected for JMX exposure
2018-10-09 14:54:01.590  INFO 17684 --- [restartedMain] o.s.j.e.a.AnnotationMBeanExporter        : Located managed bean 'rabbitConnectionFactory': registering with JMX server as MBean [org.springframework.amqp.rabbit.connection:name=rabbitConnectionFactory,type=CachingConnectionFactory]
2018-10-09 14:54:01.617  INFO 17684 --- [restartedMain] o.s.c.support.DefaultLifecycleProcessor  : Starting beans in phase 2147483647
2018-10-09 14:54:01.647  INFO 17684 --- [SimpleAsyncTaskExecutor-1] o.s.a.r.c.CachingConnectionFactory       : Created new connection: rabbitConnectionFactory#408238ab:0/SimpleConnection@3abe18f [delegate=amqp://guest@127.0.0.1:5672/, localPort= 49196]
2018-10-09 14:54:01.651  INFO 17684 --- [SimpleAsyncTaskExecutor-1] o.s.amqp.rabbit.core.RabbitAdmin         : Auto-declaring a non-durable, auto-delete, or exclusive Queue (MyQueue) durable:false, auto-delete:false, exclusive:false. It will be redeclared if the broker stops and is restarted while the connection factory is alive, but all messages will be lost.
2018-10-09 14:54:01.676 ERROR 17684 --- [AMQP Connection 127.0.0.1:5672] o.s.a.r.c.CachingConnectionFactory       : Channel shutdown: channel error; protocol method: #method<channel.close>(reply-code=406, reply-text=PRECONDITION_FAILED - inequivalent arg 'durable' for queue 'MyQueue' in vhost '/': received 'false' but current is 'true', class-id=50, method-id=10)
2018-10-09 14:54:01.726  INFO 17684 --- [restartedMain] s.b.c.e.t.TomcatEmbeddedServletContainer : Tomcat started on port(s): 8000 (http)
2018-10-09 14:54:01.731  INFO 17684 --- [restartedMain] com.stack.jspdemo.ProductAppApplication  : Started ProductAppApplication in 3.845 seconds (JVM running for 4.374)
2018-10-09 14:54:06.753  INFO 17684 --- [SimpleAsyncTaskExecutor-1] o.s.a.r.l.SimpleMessageListenerContainer : Restarting Consumer@54315288: tags=[{}], channel=null, acknowledgeMode=AUTO local queue size=0
